<?xml version="1.0" encoding="UTF-8"?>
<!-- Generated by org.testng.reporters.JUnitXMLReporter -->
<testsuite ignored="1" hostname="Padmini" failures="0" tests="2" name="SNI Test" time="51.544" errors="0" timestamp="2023-03-27T16:07:33 IST">
  <testcase classname="AdminModuleTestCase.InstituteOnBoardingRegistrationPage_Test" name="instituteonBoardRegistration" time="21.488"/>
  <testcase classname="AdminModuleTestCase.AllCredLoginPage_Test" name="loginInstituteAfterOnboardRegistration" time="24.221"/>
  <testcase classname="AdminModuleTestCase.AllCredLoginPage_Test" name="login" time="0.0">
    <ignored/>
  </testcase> <!-- login -->
</testsuite> <!-- SNI Test -->
