<?xml version="1.0" encoding="UTF-8"?>
<!-- Generated by org.testng.reporters.JUnitXMLReporter -->
<testsuite ignored="1" hostname="Padmini" failures="0" tests="6" name="SNI Test" time="90.794" errors="0" timestamp="2023-03-23T15:37:04 IST">
  <testcase classname="AdminModuleTestCase.InstituteOnBoardingRegistrationPage_Test" name="instituteonBoardRegistration" time="16.093"/>
  <testcase classname="AdminModuleTestCase.AllCredLoginPage_Test" name="loginInstituteAfterOnboardRegistration" time="0.001"/>
  <testcase classname="AdminModuleTestCase.AllCredLoginPage_Test" name="loginInstituteAfterOnboardRegistration" time="0.002"/>
  <testcase classname="AdminModuleTestCase.AllCredLoginPage_Test" name="loginInstituteAfterOnboardRegistration" time="0.002"/>
  <testcase classname="AdminModuleTestCase.AllCredLoginPage_Test" name="loginInstituteAfterOnboardRegistration" time="0.001"/>
  <testcase classname="AdminModuleTestCase.AllCredLoginPage_Test" name="loginInstituteAfterOnboardRegistration" time="59.5"/>
  <testcase classname="AdminModuleTestCase.AllCredLoginPage_Test" name="login" time="0.0">
    <ignored/>
  </testcase> <!-- login -->
</testsuite> <!-- SNI Test -->
