<?xml version="1.0" encoding="UTF-8"?>
<testng-results ignored="1" total="3" passed="1" failed="1" skipped="0">
  <reporter-output>
  </reporter-output>
  <suite started-at="2023-03-24T20:55:33 IST" name="SNI Test Suite" finished-at="2023-03-24T20:56:15 IST" duration-ms="41324">
    <groups>
    </groups>
    <test started-at="2023-03-24T20:55:33 IST" name="SNI Test" finished-at="2023-03-24T20:56:15 IST" duration-ms="41324">
      <class name="AdminModuleTestCase.AllCredLoginPage_Test">
        <test-method is-config="true" signature="setupMethod()[pri:0, instance:AdminModuleTestCase.AllCredLoginPage_Test@45cff11c]" started-at="2023-03-24T20:55:55 IST" name="setupMethod" finished-at="2023-03-24T20:55:57 IST" duration-ms="2136" status="PASS">
          <reporter-output>
          </reporter-output>
        </test-method> <!-- setupMethod -->
        <test-method signature="loginInstituteAfterOnboardRegistration(java.lang.Object)[pri:1, instance:AdminModuleTestCase.AllCredLoginPage_Test@45cff11c]" started-at="2023-03-24T20:55:57 IST" name="loginInstituteAfterOnboardRegistration" data-provider="onboardNewInstitute" finished-at="2023-03-24T20:56:14 IST" duration-ms="17728" status="FAIL">
          <params>
            <param index="0">
              <value>
                <![CDATA[{UserName=Robert , Email=robert123@gmail.com, BioGraphy=test, Address=Karnataka, Role_Faculty=Faculty, Subject=Physics, ConfirmPassword=welcome123, Role=Institute, Occupation=Lecturer, password=welcome123, Username_Faculty=robert123@gmail.com, Password_Faculty=welcome123, PhoneNumber=9876456789, username=vedant.institute234@gmail.com, Password=welcome123}]]>
              </value>
            </param>
          </params>
          <exception class="org.openqa.selenium.ElementClickInterceptedException">
            <message>
              <![CDATA[element click intercepted: Element <a href="/Account/LogOut" class="menu log-out">...</a> is not clickable at point (145, 643). Other element would receive the click: <div class="modal fade in" id="createnwFacultylogin" data-backdrop="static" data-keyboard="false" role="dialog" style="display: block;">...</div>
  (Session info: chrome=111.0.5563.65)
Build info: version: '4.0.0-alpha-6', revision: '5f43a29cfc'
System info: host: 'PADMINI', ip: '192.168.0.107', os.name: 'Windows 11', os.arch: 'amd64', os.version: '10.0', java.version: '17.0.4.1'
Driver info: org.openqa.selenium.chrome.ChromeDriver
Capabilities {acceptInsecureCerts: false, browserName: chrome, browserVersion: 111.0.5563.65, chrome: {chromedriverVersion: 111.0.5563.64 (c710e93d5b63..., userDataDir: C:\Users\shirv\AppData\Loca...}, goog:chromeOptions: {debuggerAddress: localhost:52839}, javascriptEnabled: true, networkConnectionEnabled: false, pageLoadStrategy: normal, platform: WINDOWS, platformName: WINDOWS, proxy: Proxy(), setWindowRect: true, strictFileInteractability: false, timeouts: {implicit: 0, pageLoad: 300000, script: 30000}, unhandledPromptBehavior: dismiss and notify, webauthn:extension:credBlob: true, webauthn:extension:largeBlob: true, webauthn:extension:minPinLength: true, webauthn:extension:prf: true, webauthn:virtualAuthenticators: true}
Session ID: fe08274322bc8dd7f9a6dd290b9dc7ed]]>
            </message>
            <full-stacktrace>
              <![CDATA[org.openqa.selenium.ElementClickInterceptedException: element click intercepted: Element <a href="/Account/LogOut" class="menu log-out">...</a> is not clickable at point (145, 643). Other element would receive the click: <div class="modal fade in" id="createnwFacultylogin" data-backdrop="static" data-keyboard="false" role="dialog" style="display: block;">...</div>
  (Session info: chrome=111.0.5563.65)
Build info: version: '4.0.0-alpha-6', revision: '5f43a29cfc'
System info: host: 'PADMINI', ip: '192.168.0.107', os.name: 'Windows 11', os.arch: 'amd64', os.version: '10.0', java.version: '17.0.4.1'
Driver info: org.openqa.selenium.chrome.ChromeDriver
Capabilities {acceptInsecureCerts: false, browserName: chrome, browserVersion: 111.0.5563.65, chrome: {chromedriverVersion: 111.0.5563.64 (c710e93d5b63..., userDataDir: C:\Users\shirv\AppData\Loca...}, goog:chromeOptions: {debuggerAddress: localhost:52839}, javascriptEnabled: true, networkConnectionEnabled: false, pageLoadStrategy: normal, platform: WINDOWS, platformName: WINDOWS, proxy: Proxy(), setWindowRect: true, strictFileInteractability: false, timeouts: {implicit: 0, pageLoad: 300000, script: 30000}, unhandledPromptBehavior: dismiss and notify, webauthn:extension:credBlob: true, webauthn:extension:largeBlob: true, webauthn:extension:minPinLength: true, webauthn:extension:prf: true, webauthn:virtualAuthenticators: true}
Session ID: fe08274322bc8dd7f9a6dd290b9dc7ed
at java.base/jdk.internal.reflect.NativeConstructorAccessorImpl.newInstance0(Native Method)
at java.base/jdk.internal.reflect.NativeConstructorAccessorImpl.newInstance(NativeConstructorAccessorImpl.java:77)
at java.base/jdk.internal.reflect.DelegatingConstructorAccessorImpl.newInstance(DelegatingConstructorAccessorImpl.java:45)
at java.base/java.lang.reflect.Constructor.newInstanceWithCaller(Constructor.java:499)
at java.base/java.lang.reflect.Constructor.newInstance(Constructor.java:480)
at org.openqa.selenium.remote.codec.w3c.W3CHttpResponseCodec.createException(W3CHttpResponseCodec.java:196)
at org.openqa.selenium.remote.codec.w3c.W3CHttpResponseCodec.decode(W3CHttpResponseCodec.java:129)
at org.openqa.selenium.remote.codec.w3c.W3CHttpResponseCodec.decode(W3CHttpResponseCodec.java:53)
at org.openqa.selenium.remote.HttpCommandExecutor.execute(HttpCommandExecutor.java:160)
at org.openqa.selenium.remote.service.DriverCommandExecutor.execute(DriverCommandExecutor.java:83)
at org.openqa.selenium.remote.RemoteWebDriver.execute(RemoteWebDriver.java:582)
at org.openqa.selenium.remote.RemoteWebElement.execute(RemoteWebElement.java:316)
at org.openqa.selenium.remote.RemoteWebElement.click(RemoteWebElement.java:85)
at java.base/jdk.internal.reflect.NativeMethodAccessorImpl.invoke0(Native Method)
at java.base/jdk.internal.reflect.NativeMethodAccessorImpl.invoke(NativeMethodAccessorImpl.java:77)
at java.base/jdk.internal.reflect.DelegatingMethodAccessorImpl.invoke(DelegatingMethodAccessorImpl.java:43)
at java.base/java.lang.reflect.Method.invoke(Method.java:568)
at org.openqa.selenium.support.pagefactory.internal.LocatingElementHandler.invoke(LocatingElementHandler.java:52)
at jdk.proxy2/jdk.proxy2.$Proxy17.click(Unknown Source)
at pageObjects.InstituteDashBoardPageObjects.clickOnLogOut(InstituteDashBoardPageObjects.java:40)
at AdminModuleTestCase.AllCredLoginPage_Test.loginInstituteAfterOnboardRegistration(AllCredLoginPage_Test.java:57)
at java.base/jdk.internal.reflect.NativeMethodAccessorImpl.invoke0(Native Method)
at java.base/jdk.internal.reflect.NativeMethodAccessorImpl.invoke(NativeMethodAccessorImpl.java:77)
at java.base/jdk.internal.reflect.DelegatingMethodAccessorImpl.invoke(DelegatingMethodAccessorImpl.java:43)
at java.base/java.lang.reflect.Method.invoke(Method.java:568)
at org.testng.internal.MethodInvocationHelper.invokeMethod(MethodInvocationHelper.java:134)
at org.testng.internal.TestInvoker.invokeMethod(TestInvoker.java:597)
at org.testng.internal.TestInvoker.invokeTestMethod(TestInvoker.java:173)
at org.testng.internal.MethodRunner.runInSequence(MethodRunner.java:46)
at org.testng.internal.TestInvoker$MethodInvocationAgent.invoke(TestInvoker.java:816)
at org.testng.internal.TestInvoker.invokeTestMethods(TestInvoker.java:146)
at org.testng.internal.TestMethodWorker.invokeTestMethods(TestMethodWorker.java:146)
at org.testng.internal.TestMethodWorker.run(TestMethodWorker.java:128)
at java.base/java.util.ArrayList.forEach(ArrayList.java:1511)
at org.testng.TestRunner.privateRun(TestRunner.java:766)
at org.testng.TestRunner.run(TestRunner.java:587)
at org.testng.SuiteRunner.runTest(SuiteRunner.java:384)
at org.testng.SuiteRunner.runSequentially(SuiteRunner.java:378)
at org.testng.SuiteRunner.privateRun(SuiteRunner.java:337)
at org.testng.SuiteRunner.run(SuiteRunner.java:286)
at org.testng.SuiteRunnerWorker.runSuite(SuiteRunnerWorker.java:53)
at org.testng.SuiteRunnerWorker.run(SuiteRunnerWorker.java:96)
at org.testng.TestNG.runSuitesSequentially(TestNG.java:1187)
at org.testng.TestNG.runSuitesLocally(TestNG.java:1109)
at org.testng.TestNG.runSuites(TestNG.java:1039)
at org.testng.TestNG.run(TestNG.java:1007)
at org.testng.remote.AbstractRemoteTestNG.run(AbstractRemoteTestNG.java:115)
at org.testng.remote.RemoteTestNG.initAndRun(RemoteTestNG.java:251)
at org.testng.remote.RemoteTestNG.main(RemoteTestNG.java:77)
]]>
            </full-stacktrace>
          </exception> <!-- org.openqa.selenium.ElementClickInterceptedException -->
          <reporter-output>
          </reporter-output>
        </test-method> <!-- loginInstituteAfterOnboardRegistration -->
        <test-method is-config="true" signature="cleanUp()[pri:0, instance:AdminModuleTestCase.AllCredLoginPage_Test@45cff11c]" started-at="2023-03-24T20:56:14 IST" name="cleanUp" finished-at="2023-03-24T20:56:15 IST" duration-ms="239" status="PASS">
          <reporter-output>
          </reporter-output>
        </test-method> <!-- cleanUp -->
      </class> <!-- AdminModuleTestCase.AllCredLoginPage_Test -->
      <class name="AdminModuleTestCase.InstituteOnBoardingRegistrationPage_Test">
        <test-method is-config="true" signature="setupMethod()[pri:0, instance:AdminModuleTestCase.InstituteOnBoardingRegistrationPage_Test@1b065145]" started-at="2023-03-24T20:55:33 IST" name="setupMethod" finished-at="2023-03-24T20:55:38 IST" duration-ms="4789" status="PASS">
          <reporter-output>
          </reporter-output>
        </test-method> <!-- setupMethod -->
        <test-method signature="instituteonBoardRegistration(java.lang.Object)[pri:0, instance:AdminModuleTestCase.InstituteOnBoardingRegistrationPage_Test@1b065145]" started-at="2023-03-24T20:55:38 IST" name="instituteonBoardRegistration" data-provider="instituteOnboardRegistration" finished-at="2023-03-24T20:55:54 IST" duration-ms="16247" status="PASS">
          <params>
            <param index="0">
              <value>
                <![CDATA[{Email=vedant.institute234@gmail.com, State=Karnataka, FullName=Vedant Institute, PhoneNumber=9876467898, MailingAddress=Udupi, City=Udupi, FileUpload=C:\Users\shirv\git\SNI-Automation-Project\src\test\resources\resources\Eq5I3BmVEAA0tj3.jpg, Password=welcome123, ConfirmPassword=welcome123}]]>
              </value>
            </param>
          </params>
          <reporter-output>
          </reporter-output>
        </test-method> <!-- instituteonBoardRegistration -->
        <test-method is-config="true" signature="cleanUp()[pri:0, instance:AdminModuleTestCase.InstituteOnBoardingRegistrationPage_Test@1b065145]" started-at="2023-03-24T20:55:54 IST" name="cleanUp" finished-at="2023-03-24T20:55:55 IST" duration-ms="112" status="PASS">
          <reporter-output>
          </reporter-output>
        </test-method> <!-- cleanUp -->
      </class> <!-- AdminModuleTestCase.InstituteOnBoardingRegistrationPage_Test -->
    </test> <!-- SNI Test -->
  </suite> <!-- SNI Test Suite -->
</testng-results>
