<?xml version="1.0" encoding="UTF-8"?>
<testng-results ignored="1" total="3" passed="2" failed="0" skipped="0">
  <reporter-output>
  </reporter-output>
  <suite started-at="2023-03-27T16:06:41 IST" name="SNI Test Suite" finished-at="2023-03-27T16:07:33 IST" duration-ms="51544">
    <groups>
    </groups>
    <test started-at="2023-03-27T16:06:41 IST" name="SNI Test" finished-at="2023-03-27T16:07:33 IST" duration-ms="51544">
      <class name="AdminModuleTestCase.AllCredLoginPage_Test">
        <test-method is-config="true" signature="setupMethod()[pri:0, instance:AdminModuleTestCase.AllCredLoginPage_Test@45cff11c]" started-at="2023-03-27T16:07:07 IST" name="setupMethod" finished-at="2023-03-27T16:07:08 IST" duration-ms="1684" status="PASS">
          <reporter-output>
          </reporter-output>
        </test-method> <!-- setupMethod -->
        <test-method signature="loginInstituteAfterOnboardRegistration(java.lang.Object)[pri:1, instance:AdminModuleTestCase.AllCredLoginPage_Test@45cff11c]" started-at="2023-03-27T16:07:08 IST" name="loginInstituteAfterOnboardRegistration" data-provider="onboardNewInstitute" finished-at="2023-03-27T16:07:33 IST" duration-ms="24221" status="PASS">
          <params>
            <param index="0">
              <value>
                <![CDATA[{UserName=Robert , Email=robert123@gmail.com, BioGraphy=test, Address=Karnataka, Role_Faculty=Faculty, Subject=Physics, ConfirmPassword=welcome123, Role=Institute, Occupation=Lecturer, password=welcome123, Username_Faculty=robert123@gmail.com, Password_Faculty=welcome123, PhoneNumber=9876456789, username=vedant.institute234@gmail.com, Password=welcome123}]]>
              </value>
            </param>
          </params>
          <reporter-output>
          </reporter-output>
        </test-method> <!-- loginInstituteAfterOnboardRegistration -->
        <test-method is-config="true" signature="cleanUp()[pri:0, instance:AdminModuleTestCase.AllCredLoginPage_Test@45cff11c]" started-at="2023-03-27T16:07:33 IST" name="cleanUp" finished-at="2023-03-27T16:07:33 IST" duration-ms="146" status="PASS">
          <reporter-output>
          </reporter-output>
        </test-method> <!-- cleanUp -->
      </class> <!-- AdminModuleTestCase.AllCredLoginPage_Test -->
      <class name="AdminModuleTestCase.InstituteOnBoardingRegistrationPage_Test">
        <test-method is-config="true" signature="setupMethod()[pri:0, instance:AdminModuleTestCase.InstituteOnBoardingRegistrationPage_Test@1b065145]" started-at="2023-03-27T16:06:41 IST" name="setupMethod" finished-at="2023-03-27T16:06:45 IST" duration-ms="3808" status="PASS">
          <reporter-output>
          </reporter-output>
        </test-method> <!-- setupMethod -->
        <test-method signature="instituteonBoardRegistration(java.lang.Object)[pri:0, instance:AdminModuleTestCase.InstituteOnBoardingRegistrationPage_Test@1b065145]" started-at="2023-03-27T16:06:45 IST" name="instituteonBoardRegistration" data-provider="instituteOnboardRegistration" finished-at="2023-03-27T16:07:07 IST" duration-ms="21488" status="PASS">
          <params>
            <param index="0">
              <value>
                <![CDATA[{Email=vedant.institute234@gmail.com, State=Karnataka, FullName=Vedant Institute, PhoneNumber=9876467898, MailingAddress=Udupi, City=Udupi, FileUpload=C:\Users\shirv\git\SNI-Automation-Project\src\test\resources\resources\Eq5I3BmVEAA0tj3.jpg, Password=welcome123, ConfirmPassword=welcome123}]]>
              </value>
            </param>
          </params>
          <reporter-output>
          </reporter-output>
        </test-method> <!-- instituteonBoardRegistration -->
        <test-method is-config="true" signature="cleanUp()[pri:0, instance:AdminModuleTestCase.InstituteOnBoardingRegistrationPage_Test@1b065145]" started-at="2023-03-27T16:07:07 IST" name="cleanUp" finished-at="2023-03-27T16:07:07 IST" duration-ms="138" status="PASS">
          <reporter-output>
          </reporter-output>
        </test-method> <!-- cleanUp -->
      </class> <!-- AdminModuleTestCase.InstituteOnBoardingRegistrationPage_Test -->
    </test> <!-- SNI Test -->
  </suite> <!-- SNI Test Suite -->
</testng-results>
