<?xml version="1.0" encoding="UTF-8"?>
<testng-results ignored="1" total="7" passed="6" failed="0" skipped="0">
  <reporter-output>
  </reporter-output>
  <suite started-at="2023-03-23T15:35:33 IST" name="SNI Test Suite" finished-at="2023-03-23T15:37:04 IST" duration-ms="90794">
    <groups>
    </groups>
    <test started-at="2023-03-23T15:35:33 IST" name="SNI Test" finished-at="2023-03-23T15:37:04 IST" duration-ms="90794">
      <class name="AdminModuleTestCase.AllCredLoginPage_Test">
        <test-method is-config="true" signature="setupMethod()[pri:0, instance:AdminModuleTestCase.AllCredLoginPage_Test@5316e95f]" started-at="2023-03-23T15:35:52 IST" name="setupMethod" finished-at="2023-03-23T15:35:54 IST" duration-ms="1884" status="PASS">
          <reporter-output>
          </reporter-output>
        </test-method> <!-- setupMethod -->
        <test-method signature="loginInstituteAfterOnboardRegistration(java.lang.Object)[pri:0, instance:AdminModuleTestCase.AllCredLoginPage_Test@5316e95f]" started-at="2023-03-23T15:35:54 IST" name="loginInstituteAfterOnboardRegistration" data-provider="allLogin" finished-at="2023-03-23T15:35:54 IST" duration-ms="1" status="PASS">
          <params>
            <param index="0">
              <value>
                <![CDATA[{Role=Admin, password=Admin123, TC Name=Verify able to login as Admin, TC No=1, username=hr@snipe.co.in}]]>
              </value>
            </param>
          </params>
          <reporter-output>
          </reporter-output>
        </test-method> <!-- loginInstituteAfterOnboardRegistration -->
        <test-method is-config="true" signature="cleanUp()[pri:0, instance:AdminModuleTestCase.AllCredLoginPage_Test@5316e95f]" started-at="2023-03-23T15:35:54 IST" name="cleanUp" finished-at="2023-03-23T15:35:54 IST" duration-ms="1" status="PASS">
          <reporter-output>
          </reporter-output>
        </test-method> <!-- cleanUp -->
        <test-method is-config="true" signature="setupMethod()[pri:0, instance:AdminModuleTestCase.AllCredLoginPage_Test@5316e95f]" started-at="2023-03-23T15:35:54 IST" name="setupMethod" finished-at="2023-03-23T15:35:56 IST" duration-ms="1660" status="PASS">
          <reporter-output>
          </reporter-output>
        </test-method> <!-- setupMethod -->
        <test-method signature="loginInstituteAfterOnboardRegistration(java.lang.Object)[pri:0, instance:AdminModuleTestCase.AllCredLoginPage_Test@5316e95f]" started-at="2023-03-23T15:35:56 IST" name="loginInstituteAfterOnboardRegistration" data-provider="allLogin" finished-at="2023-03-23T15:35:56 IST" duration-ms="2" status="PASS">
          <params>
            <param index="0">
              <value>
                <![CDATA[{Role=Institute, password=welcome@123, TC Name=Verify able to login as Institute, TC No=2, username=test2@gmail.com}]]>
              </value>
            </param>
          </params>
          <reporter-output>
          </reporter-output>
        </test-method> <!-- loginInstituteAfterOnboardRegistration -->
        <test-method is-config="true" signature="cleanUp()[pri:0, instance:AdminModuleTestCase.AllCredLoginPage_Test@5316e95f]" started-at="2023-03-23T15:35:56 IST" name="cleanUp" finished-at="2023-03-23T15:35:56 IST" duration-ms="1" status="PASS">
          <reporter-output>
          </reporter-output>
        </test-method> <!-- cleanUp -->
        <test-method is-config="true" signature="setupMethod()[pri:0, instance:AdminModuleTestCase.AllCredLoginPage_Test@5316e95f]" started-at="2023-03-23T15:35:56 IST" name="setupMethod" finished-at="2023-03-23T15:36:00 IST" duration-ms="4090" status="PASS">
          <reporter-output>
          </reporter-output>
        </test-method> <!-- setupMethod -->
        <test-method signature="loginInstituteAfterOnboardRegistration(java.lang.Object)[pri:0, instance:AdminModuleTestCase.AllCredLoginPage_Test@5316e95f]" started-at="2023-03-23T15:36:00 IST" name="loginInstituteAfterOnboardRegistration" data-provider="allLogin" finished-at="2023-03-23T15:36:00 IST" duration-ms="2" status="PASS">
          <params>
            <param index="0">
              <value>
                <![CDATA[{Role=Faculty, password=welcome@123, TC Name=Verify able to login as Faculty, TC No=3, username=test3@gmail.com}]]>
              </value>
            </param>
          </params>
          <reporter-output>
          </reporter-output>
        </test-method> <!-- loginInstituteAfterOnboardRegistration -->
        <test-method is-config="true" signature="cleanUp()[pri:0, instance:AdminModuleTestCase.AllCredLoginPage_Test@5316e95f]" started-at="2023-03-23T15:36:00 IST" name="cleanUp" finished-at="2023-03-23T15:36:00 IST" duration-ms="0" status="PASS">
          <reporter-output>
          </reporter-output>
        </test-method> <!-- cleanUp -->
        <test-method is-config="true" signature="setupMethod()[pri:0, instance:AdminModuleTestCase.AllCredLoginPage_Test@5316e95f]" started-at="2023-03-23T15:36:00 IST" name="setupMethod" finished-at="2023-03-23T15:36:02 IST" duration-ms="2113" status="PASS">
          <reporter-output>
          </reporter-output>
        </test-method> <!-- setupMethod -->
        <test-method signature="loginInstituteAfterOnboardRegistration(java.lang.Object)[pri:0, instance:AdminModuleTestCase.AllCredLoginPage_Test@5316e95f]" started-at="2023-03-23T15:36:02 IST" name="loginInstituteAfterOnboardRegistration" data-provider="allLogin" finished-at="2023-03-23T15:36:02 IST" duration-ms="1" status="PASS">
          <params>
            <param index="0">
              <value>
                <![CDATA[{Role=Student, password=welcome@123, TC Name=Verify able to login as Student, TC No=4, username=test1@gmail.com}]]>
              </value>
            </param>
          </params>
          <reporter-output>
          </reporter-output>
        </test-method> <!-- loginInstituteAfterOnboardRegistration -->
        <test-method is-config="true" signature="cleanUp()[pri:0, instance:AdminModuleTestCase.AllCredLoginPage_Test@5316e95f]" started-at="2023-03-23T15:36:02 IST" name="cleanUp" finished-at="2023-03-23T15:36:02 IST" duration-ms="1" status="PASS">
          <reporter-output>
          </reporter-output>
        </test-method> <!-- cleanUp -->
        <test-method is-config="true" signature="setupMethod()[pri:0, instance:AdminModuleTestCase.AllCredLoginPage_Test@5316e95f]" started-at="2023-03-23T15:36:02 IST" name="setupMethod" finished-at="2023-03-23T15:36:04 IST" duration-ms="2361" status="PASS">
          <reporter-output>
          </reporter-output>
        </test-method> <!-- setupMethod -->
        <test-method signature="loginInstituteAfterOnboardRegistration(java.lang.Object)[pri:0, instance:AdminModuleTestCase.AllCredLoginPage_Test@5316e95f]" started-at="2023-03-23T15:36:04 IST" name="loginInstituteAfterOnboardRegistration" data-provider="allLogin" finished-at="2023-03-23T15:37:04 IST" duration-ms="59500" status="PASS">
          <params>
            <param index="0">
              <value>
                <![CDATA[{Role=Institute, password=welcome123, TC Name=Verify Able to Login As Institute after Onboarding Registration, TC No=5, username=vedant.institute234@gmail.com}]]>
              </value>
            </param>
          </params>
          <reporter-output>
          </reporter-output>
        </test-method> <!-- loginInstituteAfterOnboardRegistration -->
        <test-method is-config="true" signature="cleanUp()[pri:0, instance:AdminModuleTestCase.AllCredLoginPage_Test@5316e95f]" started-at="2023-03-23T15:37:04 IST" name="cleanUp" finished-at="2023-03-23T15:37:04 IST" duration-ms="1" status="PASS">
          <reporter-output>
          </reporter-output>
        </test-method> <!-- cleanUp -->
      </class> <!-- AdminModuleTestCase.AllCredLoginPage_Test -->
      <class name="AdminModuleTestCase.InstituteOnBoardingRegistrationPage_Test">
        <test-method is-config="true" signature="setupMethod()[pri:0, instance:AdminModuleTestCase.InstituteOnBoardingRegistrationPage_Test@13e3c1c7]" started-at="2023-03-23T15:35:33 IST" name="setupMethod" finished-at="2023-03-23T15:35:36 IST" duration-ms="2997" status="PASS">
          <reporter-output>
          </reporter-output>
        </test-method> <!-- setupMethod -->
        <test-method signature="instituteonBoardRegistration(java.lang.Object)[pri:0, instance:AdminModuleTestCase.InstituteOnBoardingRegistrationPage_Test@13e3c1c7]" started-at="2023-03-23T15:35:36 IST" name="instituteonBoardRegistration" data-provider="instituteOnboardRegistration" finished-at="2023-03-23T15:35:52 IST" duration-ms="16093" status="PASS">
          <params>
            <param index="0">
              <value>
                <![CDATA[{Email=vedant.institute234@gmail.com, State=Karnataka, FullName=Vedant Institute, PhoneNumber=9876467898, MailingAddress=Udupi, City=Udupi, FileUpload=C:\Users\shirv\git\SNI-Automation-Project\src\test\resources\resources\Eq5I3BmVEAA0tj3.jpg, Password=welcome123, ConfirmPassword=welcome123}]]>
              </value>
            </param>
          </params>
          <reporter-output>
          </reporter-output>
        </test-method> <!-- instituteonBoardRegistration -->
        <test-method is-config="true" signature="cleanUp()[pri:0, instance:AdminModuleTestCase.InstituteOnBoardingRegistrationPage_Test@13e3c1c7]" started-at="2023-03-23T15:35:52 IST" name="cleanUp" finished-at="2023-03-23T15:35:52 IST" duration-ms="1" status="PASS">
          <reporter-output>
          </reporter-output>
        </test-method> <!-- cleanUp -->
      </class> <!-- AdminModuleTestCase.InstituteOnBoardingRegistrationPage_Test -->
    </test> <!-- SNI Test -->
  </suite> <!-- SNI Test Suite -->
</testng-results>
